<?xml version="1.0" encoding="UTF-8" ?>
<testsuite tests="1" failures="0" name="MVC_Test" time="0.689" errors="1" skipped="0">
  <properties>
[...]
</properties>
  <testcase classname="MVC_Test" name="testPage" time="0.689">
    <error type="java.lang.NullPointerException">java.lang.NullPointerException
	at MVC_Test.testPage(MVC_Test.java:47)
	at sun.reflect.NativeMethodAccessorImpl.invoke0(Native Method)
	at sun.reflect.NativeMethodAccessorImpl.invoke(NativeMethodAccessorImpl.java:62)
	at sun.reflect.DelegatingMethodAccessorImpl.invoke(DelegatingMethodAccessorImpl.java:43)
	at java.lang.reflect.Method.invoke(Method.java:498)
	at org.junit.runners.model.FrameworkMethod$1.runReflectiveCall(FrameworkMethod.java:50)
	at org.junit.internal.runners.model.ReflectiveCallable.run(ReflectiveCallable.java:12)
	at org.junit.runners.model.FrameworkMethod.invokeExplosively(FrameworkMethod.java:47)
	at org.junit.internal.runners.statements.InvokeMethod.evaluate(InvokeMethod.java:17)
	at org.springframework.test.context.junit4.statements.RunBeforeTestExecutionCallbacks.evaluate(RunBeforeTestExecutionCallbacks.java:73)
	at org.springframework.test.context.junit4.statements.RunAfterTestExecutionCallbacks.evaluate(RunAfterTestExecutionCallbacks.java:83)
	at org.junit.internal.runners.statements.RunBefores.evaluate(RunBefores.java:26)
	at org.springframework.test.context.junit4.statements.RunBeforeTestMethodCallbacks.evaluate(RunBeforeTestMethodCallbacks.java:75)
	at org.springframework.test.context.junit4.statements.RunAfterTestMethodCallbacks.evaluate(RunAfterTestMethodCallbacks.java:86)
	at org.springframework.test.context.junit4.statements.SpringRepeat.evaluate(SpringRepeat.java:84)
	at org.junit.runners.ParentRunner.runLeaf(ParentRunner.java:325)
	at org.springframework.test.context.junit4.SpringJUnit4ClassRunner.runChild(SpringJUnit4ClassRunner.java:251)
	at org.springframework.test.context.junit4.SpringJUnit4ClassRunner.runChild(SpringJUnit4ClassRunner.java:97)
	at org.junit.runners.ParentRunner$3.run(ParentRunner.java:290)
	at org.junit.runners.ParentRunner$1.schedule(ParentRunner.java:71)
	at org.junit.runners.ParentRunner.runChildren(ParentRunner.java:288)
	at org.junit.runners.ParentRunner.access$000(ParentRunner.java:58)
	at org.junit.runners.ParentRunner$2.evaluate(ParentRunner.java:268)
	at org.springframework.test.context.junit4.statements.RunBeforeTestClassCallbacks.evaluate(RunBeforeTestClassCallbacks.java:61)
	at org.springframework.test.context.junit4.statements.RunAfterTestClassCallbacks.evaluate(RunAfterTestClassCallbacks.java:70)
	at org.junit.runners.ParentRunner.run(ParentRunner.java:363)
	at org.springframework.test.context.junit4.SpringJUnit4ClassRunner.run(SpringJUnit4ClassRunner.java:190)
	at org.apache.maven.surefire.junit4.JUnit4Provider.execute(JUnit4Provider.java:252)
	at org.apache.maven.surefire.junit4.JUnit4Provider.executeTestSet(JUnit4Provider.java:141)
	at org.apache.maven.surefire.junit4.JUnit4Provider.invoke(JUnit4Provider.java:112)
	at sun.reflect.NativeMethodAccessorImpl.invoke0(Native Method)
	at sun.reflect.NativeMethodAccessorImpl.invoke(NativeMethodAccessorImpl.java:62)
	at sun.reflect.DelegatingMethodAccessorImpl.invoke(DelegatingMethodAccessorImpl.java:43)
	at java.lang.reflect.Method.invoke(Method.java:498)
	at org.apache.maven.surefire.util.ReflectionUtils.invokeMethodWithArray(ReflectionUtils.java:189)
	at org.apache.maven.surefire.booter.ProviderFactory$ProviderProxy.invoke(ProviderFactory.java:165)
	at org.apache.maven.surefire.booter.ProviderFactory.invokeProvider(ProviderFactory.java:85)
	at org.apache.maven.surefire.booter.ForkedBooter.runSuitesInProcess(ForkedBooter.java:115)
	at org.apache.maven.surefire.booter.ForkedBooter.main(ForkedBooter.java:75)
</error>
    <system-err>二月 15, 2019 2:45:05 下午 org.springframework.test.context.support.AbstractTestContextBootstrapper getDefaultTestExecutionListenerClassNames
信息: Loaded default TestExecutionListener class names from location [META-INF/spring.factories]: [org.springframework.test.context.web.ServletTestExecutionListener, org.springframework.test.context.support.DirtiesContextBeforeModesTestExecutionListener, org.springframework.test.context.support.DependencyInjectionTestExecutionListener, org.springframework.test.context.support.DirtiesContextTestExecutionListener, org.springframework.test.context.transaction.TransactionalTestExecutionListener, org.springframework.test.context.jdbc.SqlScriptsTestExecutionListener]
二月 15, 2019 2:45:05 下午 org.springframework.test.context.support.AbstractTestContextBootstrapper getTestExecutionListeners
信息: Using TestExecutionListeners: [org.springframework.test.context.web.ServletTestExecutionListener@420bc288, org.springframework.test.context.support.DirtiesContextBeforeModesTestExecutionListener@df5f5c0, org.springframework.test.context.support.DependencyInjectionTestExecutionListener@308a6984, org.springframework.test.context.support.DirtiesContextTestExecutionListener@66b72664, org.springframework.test.context.transaction.TransactionalTestExecutionListener@7a34b7b8, org.springframework.test.context.jdbc.SqlScriptsTestExecutionListener@58cd06cb]
二月 15, 2019 2:45:05 下午 org.springframework.beans.factory.xml.XmlBeanDefinitionReader loadBeanDefinitions
信息: Loading XML bean definitions from class path resource [appContext.xml]
二月 15, 2019 2:45:05 下午 org.springframework.beans.factory.xml.XmlBeanDefinitionReader loadBeanDefinitions
信息: Loading XML bean definitions from class path resource [ssm_curd-servlet.xml]
二月 15, 2019 2:45:05 下午 org.springframework.context.support.AbstractApplicationContext prepareRefresh
信息: Refreshing org.springframework.web.context.support.GenericWebApplicationContext@5fd9b663: startup date [Fri Feb 15 14:45:05 CST 2019]; root of context hierarchy
二月 15, 2019 2:45:06 下午 org.springframework.web.servlet.handler.AbstractUrlHandlerMapping registerHandler
信息: Mapped URL path [/**] onto handler &apos;org.springframework.web.servlet.resource.DefaultServletHttpRequestHandler#0&apos;
二月 15, 2019 2:45:06 下午 org.springframework.web.servlet.handler.AbstractHandlerMethodMapping$MappingRegistry register
信息: Mapped &quot;{[/depts]}&quot; onto public com.hunter.ssm_crud.utils.Message com.hunter.ssm_crud.controller.DepartmentController.getDepts()
二月 15, 2019 2:45:06 下午 org.springframework.web.servlet.handler.AbstractHandlerMethodMapping$MappingRegistry register
信息: Mapped &quot;{[/emp],methods=[POST]}&quot; onto public com.hunter.ssm_crud.utils.Message com.hunter.ssm_crud.controller.EmployeeController.saveEmp(com.hunter.ssm_crud.bean.Employee,org.springframework.validation.BindingResult)
二月 15, 2019 2:45:06 下午 org.springframework.web.servlet.handler.AbstractHandlerMethodMapping$MappingRegistry register
信息: Mapped &quot;{[/checkUser]}&quot; onto public com.hunter.ssm_crud.utils.Message com.hunter.ssm_crud.controller.EmployeeController.checkUser(java.lang.String)
二月 15, 2019 2:45:06 下午 org.springframework.web.servlet.handler.AbstractHandlerMethodMapping$MappingRegistry register
信息: Mapped &quot;{[/emp/{empId}],methods=[PUT]}&quot; onto public com.hunter.ssm_crud.utils.Message com.hunter.ssm_crud.controller.EmployeeController.updateEmp(com.hunter.ssm_crud.bean.Employee)
二月 15, 2019 2:45:06 下午 org.springframework.web.servlet.handler.AbstractHandlerMethodMapping$MappingRegistry register
信息: Mapped &quot;{[/emp/{id}],methods=[GET]}&quot; onto public com.hunter.ssm_crud.utils.Message com.hunter.ssm_crud.controller.EmployeeController.getEmp(java.lang.Integer)
二月 15, 2019 2:45:06 下午 org.springframework.web.servlet.handler.AbstractHandlerMethodMapping$MappingRegistry register
信息: Mapped &quot;{[/emp/{id}],methods=[DELETE]}&quot; onto public com.hunter.ssm_crud.utils.Message com.hunter.ssm_crud.controller.EmployeeController.deleteEmpById(java.lang.String)
二月 15, 2019 2:45:06 下午 org.springframework.web.servlet.handler.AbstractHandlerMethodMapping$MappingRegistry register
信息: Mapped &quot;{[/emps]}&quot; onto public com.hunter.ssm_crud.utils.Message com.hunter.ssm_crud.controller.EmployeeController.getEmpsWithJson(java.lang.Integer)
二月 15, 2019 2:45:06 下午 org.hibernate.validator.internal.util.Version &lt;clinit&gt;
INFO: HV000001: Hibernate Validator 5.4.1.Final
二月 15, 2019 2:45:07 下午 org.springframework.web.servlet.mvc.method.annotation.RequestMappingHandlerAdapter initControllerAdviceCache
信息: Looking for @ControllerAdvice: org.springframework.web.context.support.GenericWebApplicationContext@5fd9b663: startup date [Fri Feb 15 14:45:05 CST 2019]; root of context hierarchy
二月 15, 2019 2:45:07 下午 org.springframework.web.servlet.mvc.method.annotation.RequestMappingHandlerAdapter initControllerAdviceCache
信息: Looking for @ControllerAdvice: org.springframework.web.context.support.GenericWebApplicationContext@5fd9b663: startup date [Fri Feb 15 14:45:05 CST 2019]; root of context hierarchy
二月 15, 2019 2:45:07 下午 org.springframework.mock.web.MockServletContext log
信息: Initializing Spring FrameworkServlet &apos;&apos;
二月 15, 2019 2:45:07 下午 org.springframework.web.servlet.FrameworkServlet initServletBean
信息: FrameworkServlet &apos;&apos;: initialization started
二月 15, 2019 2:45:07 下午 org.springframework.web.servlet.FrameworkServlet initServletBean
信息: FrameworkServlet &apos;&apos;: initialization completed in 82 ms
</system-err>
  </testcase>
</testsuite>